<?xml version="1.0" encoding="UTF-8"?>
<testng-results skipped="0" failed="0" total="1" passed="1">
  <reporter-output>
  </reporter-output>
  <suite name="Default suite" duration-ms="3183" started-at="2021-05-28T08:00:55Z" finished-at="2021-05-28T08:00:58Z">
    <groups>
    </groups>
    <test name="Default test" duration-ms="3183" started-at="2021-05-28T08:00:55Z" finished-at="2021-05-28T08:00:58Z">
      <class name="RestAssuredTestCases.RestAssuredBasics">
        <test-method status="PASS" signature="soapexample()[pri:0, instance:RestAssuredTestCases.RestAssuredBasics@48140564]" name="soapexample" duration-ms="3169" started-at="2021-05-28T13:30:55Z" finished-at="2021-05-28T13:30:58Z">
          <reporter-output>
          </reporter-output>
        </test-method> <!-- soapexample -->
      </class> <!-- RestAssuredTestCases.RestAssuredBasics -->
    </test> <!-- Default test -->
  </suite> <!-- Default suite -->
</testng-results>
