<?xml version="1.0" encoding="UTF-8"?>
<testng-results skipped="0" failed="0" total="1" passed="1">
  <reporter-output>
  </reporter-output>
  <suite name="Default suite" duration-ms="3909" started-at="2021-06-23T17:56:38Z" finished-at="2021-06-23T17:56:41Z">
    <groups>
    </groups>
    <test name="Default test" duration-ms="3909" started-at="2021-06-23T17:56:38Z" finished-at="2021-06-23T17:56:41Z">
      <class name="RestAssuredTestCases.assignment_TestCases">
        <test-method status="PASS" signature="soapexample()[pri:0, instance:RestAssuredTestCases.assignment_TestCases@4c203ea1]" name="soapexample" duration-ms="3889" started-at="2021-06-23T23:26:38Z" finished-at="2021-06-23T23:26:41Z">
          <reporter-output>
          </reporter-output>
        </test-method> <!-- soapexample -->
      </class> <!-- RestAssuredTestCases.assignment_TestCases -->
    </test> <!-- Default test -->
  </suite> <!-- Default suite -->
</testng-results>
